<?xml version="1.0" encoding="UTF-8"?>
<!-- Generated by org.testng.reporters.JUnitReportReporter -->
<testsuite hostname="DESKTOP-5CE47FT" failures="0" tests="4" name="RohitFramework.Tests.SubmitOrderTest" time="104.835" errors="0" timestamp="2024-02-16T16:24:30 IST" skipped="2">
  <testcase classname="RohitFramework.Tests.SubmitOrderTest" name="submitOrder" time="20.954">
    <skipped/>
  </testcase> <!-- submitOrder -->
  <testcase classname="RohitFramework.Tests.SubmitOrderTest" name="submitOrder" time="36.074"/>
  <testcase classname="RohitFramework.Tests.SubmitOrderTest" name="submitOrder" time="21.774"/>
  <testcase classname="RohitFramework.Tests.SubmitOrderTest" name="submitOrder" time="26.033">
    <skipped/>
  </testcase> <!-- submitOrder -->
</testsuite> <!-- RohitFramework.Tests.SubmitOrderTest -->
