<?xml version="1.0" encoding="UTF-8"?>
<!-- Generated by org.testng.reporters.JUnitReportReporter -->
<testsuite hostname="DESKTOP-5CE47FT" failures="0" tests="5" name="RohitFramework.Tests.SubmitOrderTest" time="147.762" errors="0" timestamp="2024-02-08T17:36:17 IST" skipped="2">
  <testcase classname="RohitFramework.Tests.SubmitOrderTest" name="submitOrder" time="27.395">
    <skipped/>
  </testcase> <!-- submitOrder -->
  <testcase classname="RohitFramework.Tests.SubmitOrderTest" name="submitOrder" time="23.232"/>
  <testcase classname="RohitFramework.Tests.SubmitOrderTest" name="OrderHistoryTest" time="38.026"/>
  <testcase classname="RohitFramework.Tests.SubmitOrderTest" name="submitOrder" time="40.305">
    <skipped/>
  </testcase> <!-- submitOrder -->
  <testcase classname="RohitFramework.Tests.SubmitOrderTest" name="submitOrder" time="18.804"/>
</testsuite> <!-- RohitFramework.Tests.SubmitOrderTest -->
