<?xml version="1.0" encoding="UTF-8"?>
<!-- Generated by org.testng.reporters.JUnitReportReporter -->
<testsuite hostname="DESKTOP-5CE47FT" failures="0" tests="1" name="Cucumber.TestngTestRunner" time="21.545" errors="0" timestamp="2024-02-08T13:12:44 IST" skipped="0">
  <testcase classname="Cucumber.TestngTestRunner" name="runScenario" time="21.545"/>
</testsuite> <!-- Cucumber.TestngTestRunner -->
